<?xml version="1.0" encoding="UTF-8"?>
<testng-results ignored="0" total="1" passed="1" failed="0" skipped="0">
  <reporter-output>
  </reporter-output>
  <suite started-at="2024-04-14T11:37:41 IST" name="InetBanking" finished-at="2024-04-14T11:38:05 IST" duration-ms="23883">
    <groups>
    </groups>
    <test started-at="2024-04-14T11:37:41 IST" name="BankingApp Test" finished-at="2024-04-14T11:38:05 IST" duration-ms="23883">
      <class name="com.inetbanking.testCase.TC_AddNewCustomer_003">
        <test-method is-config="true" signature="setup(java.lang.String)[pri:0, instance:com.inetbanking.testCase.TC_AddNewCustomer_003@7e5afaa6]" started-at="2024-04-14T11:37:41 IST" name="setup" finished-at="2024-04-14T11:37:47 IST" duration-ms="6274" status="PASS">
          <params>
            <param index="0">
              <value>
                <![CDATA[chrome]]>
              </value>
            </param>
          </params>
          <reporter-output>
          </reporter-output>
        </test-method> <!-- setup -->
        <test-method signature="AddCustomer()[pri:0, instance:com.inetbanking.testCase.TC_AddNewCustomer_003@7e5afaa6]" started-at="2024-04-14T11:37:47 IST" name="AddCustomer" finished-at="2024-04-14T11:38:05 IST" duration-ms="17302" status="PASS">
          <reporter-output>
          </reporter-output>
        </test-method> <!-- AddCustomer -->
        <test-method is-config="true" signature="teardown()[pri:0, instance:com.inetbanking.testCase.TC_AddNewCustomer_003@7e5afaa6]" started-at="2024-04-14T11:38:05 IST" name="teardown" finished-at="2024-04-14T11:38:05 IST" duration-ms="82" status="PASS">
          <reporter-output>
          </reporter-output>
        </test-method> <!-- teardown -->
      </class> <!-- com.inetbanking.testCase.TC_AddNewCustomer_003 -->
    </test> <!-- BankingApp Test -->
  </suite> <!-- InetBanking -->
</testng-results>
